----------

Sat Oct 17 2020 18:19:53 GMT-0400 (Eastern Daylight Time)

To github.com:neurotechuoft/neurotechuoft.github.io.git
 ! [rejected]        master -> master (fetch first)
error: failed to push some refs to 'git@github.com:neurotechuoft/neurotechuoft.github.io.git'
hint: Updates were rejected because the remote contains work that you do
hint: not have locally. This is usually caused by another repository pushing
hint: to the same ref. You may want to first integrate the remote changes
hint: (e.g., 'git pull ...') before pushing again.


----------

Sat Oct 17 2020 18:19:53 GMT-0400 (Eastern Daylight Time)

hint: See the 'Note about fast-forwards' in 'git push --help' for details.


----------

Sat Oct 17 2020 18:21:43 GMT-0400 (Eastern Daylight Time)

To github.com:neurotechuoft/neurotechuoft.github.io.git
   d3fb7d4..111842e  master -> master


----------

Sat Oct 17 2020 18:23:55 GMT-0400 (Eastern Daylight Time)

To github.com:neurotechuoft/neurotechuoft.github.io.git
 ! [rejected]        master -> master (fetch first)
error: failed to push some refs to 'git@github.com:neurotechuoft/neurotechuoft.github.io.git'


----------

Sat Oct 17 2020 18:23:55 GMT-0400 (Eastern Daylight Time)

hint: Updates were rejected because the remote contains work that you do
hint: not have locally. This is usually caused by another repository pushing
hint: to the same ref. You may want to first integrate the remote changes
hint: (e.g., 'git pull ...') before pushing again.
hint: See the 'Note about fast-forwards' in 'git push --help' for details.


----------

Sat Oct 17 2020 18:29:21 GMT-0400 (Eastern Daylight Time)

To github.com:neurotechuoft/neurotechuoft.github.io.git
 ! [rejected]        master -> master (fetch first)
error: failed to push some refs to 'git@github.com:neurotechuoft/neurotechuoft.github.io.git'
hint: Updates were rejected because the remote contains work that you do
hint: not have locally. This is usually caused by another repository pushing
hint: to the same ref. You may want to first integrate the remote changes
hint: (e.g., 'git pull ...') before pushing again.
hint: See the 'Note about fast-forwards' in 'git push --help' for details.


